2023-03-03 11:20:34 [DEBUG] [com.isvaso.aop.aspectclass.JobBuilder] - Initialization
2023-03-03 11:20:34 [DEBUG] [com.isvaso.aop.aspectclass.JobDoctor] - Initialization
2023-03-03 11:20:34 [DEBUG] [com.isvaso.aop.aspectclass.JobBuilder] - Initialization
2023-03-03 11:20:34 [DEBUG] [com.isvaso.aop.aspectclass.Person] - Initialization
2023-03-03 11:20:34 [DEBUG] [com.isvaso.aop.aspectclass.Person] - Education checking status: started
2023-03-03 11:20:34 [DEBUG] [com.isvaso.aop.aspectclass.Person] - getEducation()
2023-03-03 11:20:34 [DEBUG] [com.isvaso.aop.aspectclass.Person] - Education checking status: denied
2023-03-03 11:20:34 [DEBUG] [com.isvaso.aop.aspectclass.Person] - Job access checking status: started
2023-03-03 11:20:34 [DEBUG] [com.isvaso.aop.aspectclass.Person] - getJob()
2023-03-03 11:20:34 [DEBUG] [com.isvaso.aop.aspectclass.Person] - Job access checking status: job is set
2023-03-03 11:20:34 [DEBUG] [com.isvaso.aop.aspectclass.Person] - work()
2023-03-03 11:20:34 [DEBUG] [com.isvaso.aop.aspectclass.JobUnemployed] - work()
2023-03-03 11:20:34 [DEBUG] [com.isvaso.aop.aspectclass.JobUnemployed] - getJobName()
2023-03-03 11:20:34 [DEBUG] [com.isvaso.aop.aspectclass.JobBuilder] - Destroyed
2023-03-03 11:20:34 [DEBUG] [com.isvaso.aop.aspectclass.JobDoctor] - Destroyed
2023-03-03 11:20:34 [DEBUG] [com.isvaso.aop.aspectclass.JobBuilder] - Destroyed
2023-03-03 11:20:38 [DEBUG] [com.isvaso.aop.aspectclass.JobBuilder] - Initialization
2023-03-03 11:20:38 [DEBUG] [com.isvaso.aop.aspectclass.JobDoctor] - Initialization
2023-03-03 11:20:38 [DEBUG] [com.isvaso.aop.aspectclass.JobBuilder] - Initialization
2023-03-03 11:20:38 [DEBUG] [com.isvaso.aop.aspectclass.Person] - Initialization
2023-03-03 11:20:38 [DEBUG] [com.isvaso.aop.aspectclass.Person] - Education checking status: started
2023-03-03 11:20:38 [DEBUG] [com.isvaso.aop.aspectclass.Person] - getEducation()
2023-03-03 11:20:38 [DEBUG] [com.isvaso.aop.aspectclass.Person] - Education checking status: denied
2023-03-03 11:20:38 [DEBUG] [com.isvaso.aop.aspectclass.Person] - Job access checking status: started
2023-03-03 11:20:38 [DEBUG] [com.isvaso.aop.aspectclass.Person] - getJob()
2023-03-03 11:20:38 [DEBUG] [com.isvaso.aop.aspectclass.Person] - Job access checking status: job is set
2023-03-03 11:20:38 [DEBUG] [com.isvaso.aop.aspectclass.Person] - work()
2023-03-03 11:20:38 [DEBUG] [com.isvaso.aop.aspectclass.JobUnemployed] - work()
2023-03-03 11:20:38 [DEBUG] [com.isvaso.aop.aspectclass.JobUnemployed] - getJobName()
2023-03-03 11:20:38 [DEBUG] [com.isvaso.aop.aspectclass.JobBuilder] - Destroyed
2023-03-03 11:20:38 [DEBUG] [com.isvaso.aop.aspectclass.JobDoctor] - Destroyed
2023-03-03 11:20:38 [DEBUG] [com.isvaso.aop.aspectclass.JobBuilder] - Destroyed
2023-03-03 11:20:41 [DEBUG] [com.isvaso.aop.aspectclass.JobBuilder] - Initialization
2023-03-03 11:20:41 [DEBUG] [com.isvaso.aop.aspectclass.JobDoctor] - Initialization
2023-03-03 11:20:41 [DEBUG] [com.isvaso.aop.aspectclass.JobBuilder] - Initialization
2023-03-03 11:20:41 [DEBUG] [com.isvaso.aop.aspectclass.Person] - Initialization
2023-03-03 11:20:41 [DEBUG] [com.isvaso.aop.aspectclass.Person] - Education checking status: started
2023-03-03 11:20:41 [DEBUG] [com.isvaso.aop.aspectclass.Person] - getEducation()
2023-03-03 11:20:41 [DEBUG] [com.isvaso.aop.aspectclass.Person] - Education checking status: denied
2023-03-03 11:20:41 [DEBUG] [com.isvaso.aop.aspectclass.Person] - Job access checking status: started
2023-03-03 11:20:41 [DEBUG] [com.isvaso.aop.aspectclass.Person] - getJob()
2023-03-03 11:20:41 [DEBUG] [com.isvaso.aop.aspectclass.Person] - Job access checking status: job is set
2023-03-03 11:20:41 [DEBUG] [com.isvaso.aop.aspectclass.Person] - work()
2023-03-03 11:20:41 [DEBUG] [com.isvaso.aop.aspectclass.JobUnemployed] - work()
2023-03-03 11:20:41 [DEBUG] [com.isvaso.aop.aspectclass.JobUnemployed] - getJobName()
2023-03-03 11:20:41 [DEBUG] [com.isvaso.aop.aspectclass.JobBuilder] - Destroyed
2023-03-03 11:20:41 [DEBUG] [com.isvaso.aop.aspectclass.JobDoctor] - Destroyed
2023-03-03 11:20:41 [DEBUG] [com.isvaso.aop.aspectclass.JobBuilder] - Destroyed
2023-03-03 11:20:48 [DEBUG] [com.isvaso.aop.aspectclass.JobBuilder] - Initialization
2023-03-03 11:20:48 [DEBUG] [com.isvaso.aop.aspectclass.JobDoctor] - Initialization
2023-03-03 11:20:48 [DEBUG] [com.isvaso.aop.aspectclass.JobBuilder] - Initialization
2023-03-03 11:20:48 [DEBUG] [com.isvaso.aop.aspectclass.Person] - Initialization
2023-03-03 11:20:48 [DEBUG] [com.isvaso.aop.aspectclass.Person] - Education checking status: started
2023-03-03 11:20:48 [DEBUG] [com.isvaso.aop.aspectclass.Person] - getEducation()
2023-03-03 11:20:48 [DEBUG] [com.isvaso.aop.aspectclass.Person] - Education checking status: denied
2023-03-03 11:20:48 [DEBUG] [com.isvaso.aop.aspectclass.Person] - Job access checking status: started
2023-03-03 11:20:48 [DEBUG] [com.isvaso.aop.aspectclass.Person] - getJob()
2023-03-03 11:20:48 [DEBUG] [com.isvaso.aop.aspectclass.Person] - Job access checking status: job is set
2023-03-03 11:20:48 [DEBUG] [com.isvaso.aop.aspectclass.Person] - work()
2023-03-03 11:20:48 [DEBUG] [com.isvaso.aop.aspectclass.JobUnemployed] - work()
2023-03-03 11:20:48 [DEBUG] [com.isvaso.aop.aspectclass.JobUnemployed] - getJobName()
2023-03-03 11:20:48 [DEBUG] [com.isvaso.aop.aspectclass.JobBuilder] - Destroyed
2023-03-03 11:20:48 [DEBUG] [com.isvaso.aop.aspectclass.JobDoctor] - Destroyed
2023-03-03 11:20:48 [DEBUG] [com.isvaso.aop.aspectclass.JobBuilder] - Destroyed
2023-03-03 11:20:51 [DEBUG] [com.isvaso.aop.aspectclass.JobBuilder] - Initialization
2023-03-03 11:20:51 [DEBUG] [com.isvaso.aop.aspectclass.JobDoctor] - Initialization
2023-03-03 11:20:51 [DEBUG] [com.isvaso.aop.aspectclass.JobBuilder] - Initialization
2023-03-03 11:20:51 [DEBUG] [com.isvaso.aop.aspectclass.Person] - Initialization
2023-03-03 11:20:51 [DEBUG] [com.isvaso.aop.aspectclass.Person] - Education checking status: started
2023-03-03 11:20:51 [DEBUG] [com.isvaso.aop.aspectclass.Person] - getEducation()
2023-03-03 11:20:51 [DEBUG] [com.isvaso.aop.aspectclass.Person] - Education checking status: denied
2023-03-03 11:20:51 [DEBUG] [com.isvaso.aop.aspectclass.Person] - Job access checking status: started
2023-03-03 11:20:51 [DEBUG] [com.isvaso.aop.aspectclass.Person] - getJob()
2023-03-03 11:20:51 [DEBUG] [com.isvaso.aop.aspectclass.Person] - Job access checking status: job is set
2023-03-03 11:20:51 [DEBUG] [com.isvaso.aop.aspectclass.Person] - work()
2023-03-03 11:20:51 [DEBUG] [com.isvaso.aop.aspectclass.JobUnemployed] - work()
2023-03-03 11:20:51 [DEBUG] [com.isvaso.aop.aspectclass.JobUnemployed] - getJobName()
2023-03-03 11:20:51 [DEBUG] [com.isvaso.aop.aspectclass.JobBuilder] - Destroyed
2023-03-03 11:20:51 [DEBUG] [com.isvaso.aop.aspectclass.JobDoctor] - Destroyed
2023-03-03 11:20:51 [DEBUG] [com.isvaso.aop.aspectclass.JobBuilder] - Destroyed
2023-03-03 11:20:59 [DEBUG] [com.isvaso.aop.aspectclass.JobBuilder] - Initialization
2023-03-03 11:20:59 [DEBUG] [com.isvaso.aop.aspectclass.JobDoctor] - Initialization
2023-03-03 11:20:59 [DEBUG] [com.isvaso.aop.aspectclass.JobBuilder] - Initialization
2023-03-03 11:20:59 [DEBUG] [com.isvaso.aop.aspectclass.Person] - Initialization
2023-03-03 11:20:59 [DEBUG] [com.isvaso.aop.aspectclass.Person] - Education checking status: started
2023-03-03 11:20:59 [DEBUG] [com.isvaso.aop.aspectclass.Person] - getEducation()
2023-03-03 11:20:59 [DEBUG] [com.isvaso.aop.aspectclass.Person] - Education checking status: denied
2023-03-03 11:20:59 [DEBUG] [com.isvaso.aop.aspectclass.Person] - Job access checking status: started
2023-03-03 11:20:59 [DEBUG] [com.isvaso.aop.aspectclass.Person] - getJob()
2023-03-03 11:20:59 [DEBUG] [com.isvaso.aop.aspectclass.Person] - Job access checking status: job is set
2023-03-03 11:20:59 [DEBUG] [com.isvaso.aop.aspectclass.Person] - work()
2023-03-03 11:20:59 [DEBUG] [com.isvaso.aop.aspectclass.JobUnemployed] - work()
2023-03-03 11:20:59 [DEBUG] [com.isvaso.aop.aspectclass.JobUnemployed] - getJobName()
2023-03-03 11:20:59 [DEBUG] [com.isvaso.aop.aspectclass.JobBuilder] - Destroyed
2023-03-03 11:20:59 [DEBUG] [com.isvaso.aop.aspectclass.JobDoctor] - Destroyed
2023-03-03 11:20:59 [DEBUG] [com.isvaso.aop.aspectclass.JobBuilder] - Destroyed
2023-03-03 11:21:02 [DEBUG] [com.isvaso.aop.aspectclass.JobBuilder] - Initialization
2023-03-03 11:21:02 [DEBUG] [com.isvaso.aop.aspectclass.JobDoctor] - Initialization
2023-03-03 11:21:02 [DEBUG] [com.isvaso.aop.aspectclass.JobBuilder] - Initialization
2023-03-03 11:21:02 [DEBUG] [com.isvaso.aop.aspectclass.Person] - Initialization
2023-03-03 11:21:02 [DEBUG] [com.isvaso.aop.aspectclass.Person] - Education checking status: started
2023-03-03 11:21:02 [DEBUG] [com.isvaso.aop.aspectclass.Person] - getEducation()
2023-03-03 11:21:02 [DEBUG] [com.isvaso.aop.aspectclass.Person] - Education checking status: denied
2023-03-03 11:21:02 [DEBUG] [com.isvaso.aop.aspectclass.Person] - Job access checking status: started
2023-03-03 11:21:02 [DEBUG] [com.isvaso.aop.aspectclass.Person] - getJob()
2023-03-03 11:21:02 [DEBUG] [com.isvaso.aop.aspectclass.Person] - Job access checking status: job is set
2023-03-03 11:21:02 [DEBUG] [com.isvaso.aop.aspectclass.Person] - work()
2023-03-03 11:21:02 [DEBUG] [com.isvaso.aop.aspectclass.JobUnemployed] - work()
2023-03-03 11:21:02 [DEBUG] [com.isvaso.aop.aspectclass.JobUnemployed] - getJobName()
2023-03-03 11:21:02 [DEBUG] [com.isvaso.aop.aspectclass.JobBuilder] - Destroyed
2023-03-03 11:21:02 [DEBUG] [com.isvaso.aop.aspectclass.JobDoctor] - Destroyed
2023-03-03 11:21:02 [DEBUG] [com.isvaso.aop.aspectclass.JobBuilder] - Destroyed
2023-03-03 11:21:06 [DEBUG] [com.isvaso.aop.aspectclass.JobBuilder] - Initialization
2023-03-03 11:21:06 [DEBUG] [com.isvaso.aop.aspectclass.JobDoctor] - Initialization
2023-03-03 11:21:06 [DEBUG] [com.isvaso.aop.aspectclass.JobBuilder] - Initialization
2023-03-03 11:21:06 [DEBUG] [com.isvaso.aop.aspectclass.Person] - Initialization
2023-03-03 11:21:06 [DEBUG] [com.isvaso.aop.aspectclass.Person] - Education checking status: started
2023-03-03 11:21:06 [DEBUG] [com.isvaso.aop.aspectclass.Person] - getEducation()
2023-03-03 11:21:06 [DEBUG] [com.isvaso.aop.aspectclass.Person] - Education checking status: denied
2023-03-03 11:21:06 [DEBUG] [com.isvaso.aop.aspectclass.Person] - Job access checking status: started
2023-03-03 11:21:06 [DEBUG] [com.isvaso.aop.aspectclass.Person] - getJob()
2023-03-03 11:21:06 [DEBUG] [com.isvaso.aop.aspectclass.Person] - Job access checking status: job is set
2023-03-03 11:21:06 [DEBUG] [com.isvaso.aop.aspectclass.Person] - work()
2023-03-03 11:21:06 [DEBUG] [com.isvaso.aop.aspectclass.JobUnemployed] - work()
2023-03-03 11:21:06 [DEBUG] [com.isvaso.aop.aspectclass.JobUnemployed] - getJobName()
2023-03-03 11:21:06 [DEBUG] [com.isvaso.aop.aspectclass.JobBuilder] - Destroyed
2023-03-03 11:21:06 [DEBUG] [com.isvaso.aop.aspectclass.JobDoctor] - Destroyed
2023-03-03 11:21:06 [DEBUG] [com.isvaso.aop.aspectclass.JobBuilder] - Destroyed
2023-03-03 11:21:09 [DEBUG] [com.isvaso.aop.aspectclass.JobBuilder] - Initialization
2023-03-03 11:21:09 [DEBUG] [com.isvaso.aop.aspectclass.JobDoctor] - Initialization
2023-03-03 11:21:09 [DEBUG] [com.isvaso.aop.aspectclass.JobBuilder] - Initialization
2023-03-03 11:21:09 [DEBUG] [com.isvaso.aop.aspectclass.Person] - Initialization
2023-03-03 11:21:09 [DEBUG] [com.isvaso.aop.aspectclass.Person] - Education checking status: started
2023-03-03 11:21:09 [DEBUG] [com.isvaso.aop.aspectclass.Person] - getEducation()
2023-03-03 11:21:09 [DEBUG] [com.isvaso.aop.aspectclass.Person] - Education checking status: denied
2023-03-03 11:21:09 [DEBUG] [com.isvaso.aop.aspectclass.Person] - Job access checking status: started
2023-03-03 11:21:09 [DEBUG] [com.isvaso.aop.aspectclass.Person] - getJob()
2023-03-03 11:21:09 [DEBUG] [com.isvaso.aop.aspectclass.Person] - Job access checking status: job is set
2023-03-03 11:21:09 [DEBUG] [com.isvaso.aop.aspectclass.Person] - work()
2023-03-03 11:21:09 [DEBUG] [com.isvaso.aop.aspectclass.JobUnemployed] - work()
2023-03-03 11:21:09 [DEBUG] [com.isvaso.aop.aspectclass.JobUnemployed] - getJobName()
2023-03-03 11:21:09 [DEBUG] [com.isvaso.aop.aspectclass.JobBuilder] - Destroyed
2023-03-03 11:21:09 [DEBUG] [com.isvaso.aop.aspectclass.JobDoctor] - Destroyed
2023-03-03 11:21:09 [DEBUG] [com.isvaso.aop.aspectclass.JobBuilder] - Destroyed
2023-03-03 11:25:51 [DEBUG] [com.isvaso.aop.aspectclass.JobBuilder] - Initialization
2023-03-03 11:25:51 [DEBUG] [com.isvaso.aop.aspectclass.JobDoctor] - Initialization
2023-03-03 11:25:51 [DEBUG] [com.isvaso.aop.aspectclass.JobBuilder] - Initialization
2023-03-03 11:25:51 [DEBUG] [com.isvaso.aop.aspectclass.Person] - Initialization
2023-03-03 11:25:51 [DEBUG] [com.isvaso.aop.aspectclass.Person] - setJob(com.isvaso.aop.aspectclass.JobDoctor@7a639ec5)
2023-03-03 11:25:51 [DEBUG] [com.isvaso.aop.aspectclass.Person] - Education checking status: started
2023-03-03 11:25:51 [DEBUG] [com.isvaso.aop.aspectclass.Person] - getEducation()
2023-03-03 11:25:51 [DEBUG] [com.isvaso.aop.aspectclass.Person] - Education checking status: denied
2023-03-03 11:25:51 [DEBUG] [com.isvaso.aop.aspectclass.Person] - work()
2023-03-03 11:25:51 [DEBUG] [com.isvaso.aop.aspectclass.Person] - Job access checking status: started
2023-03-03 11:25:51 [DEBUG] [com.isvaso.aop.aspectclass.Person] - getJob()
2023-03-03 11:25:51 [DEBUG] [com.isvaso.aop.aspectclass.Person] - Job access checking status: job is set
2023-03-03 11:25:51 [DEBUG] [com.isvaso.aop.aspectclass.JobUnemployed] - work()
2023-03-03 11:25:51 [DEBUG] [com.isvaso.aop.aspectclass.JobUnemployed] - getJobName()
2023-03-03 11:25:51 [DEBUG] [com.isvaso.aop.aspectclass.JobBuilder] - Destroyed
2023-03-03 11:25:51 [DEBUG] [com.isvaso.aop.aspectclass.JobDoctor] - Destroyed
2023-03-03 11:25:51 [DEBUG] [com.isvaso.aop.aspectclass.JobBuilder] - Destroyed
2023-03-03 11:26:07 [DEBUG] [com.isvaso.aop.aspectclass.JobBuilder] - Initialization
2023-03-03 11:26:07 [DEBUG] [com.isvaso.aop.aspectclass.JobDoctor] - Initialization
2023-03-03 11:26:07 [DEBUG] [com.isvaso.aop.aspectclass.JobBuilder] - Initialization
2023-03-03 11:26:07 [DEBUG] [com.isvaso.aop.aspectclass.Person] - Initialization
2023-03-03 11:26:07 [DEBUG] [com.isvaso.aop.aspectclass.Person] - setJob(com.isvaso.aop.aspectclass.JobDoctor@12db3386)
2023-03-03 11:26:07 [DEBUG] [com.isvaso.aop.aspectclass.Person] - Job access checking status: started
2023-03-03 11:26:07 [DEBUG] [com.isvaso.aop.aspectclass.Person] - getJob()
2023-03-03 11:26:07 [DEBUG] [com.isvaso.aop.aspectclass.Person] - Job access checking status: job is set
2023-03-03 11:26:07 [DEBUG] [com.isvaso.aop.aspectclass.Person] - work()
2023-03-03 11:26:07 [DEBUG] [com.isvaso.aop.aspectclass.JobBuilder] - Destroyed
2023-03-03 11:26:07 [DEBUG] [com.isvaso.aop.aspectclass.JobDoctor] - Destroyed
2023-03-03 11:26:07 [DEBUG] [com.isvaso.aop.aspectclass.JobBuilder] - Destroyed
2023-03-03 11:26:34 [DEBUG] [com.isvaso.aop.aspectclass.JobBuilder] - Initialization
2023-03-03 11:26:34 [DEBUG] [com.isvaso.aop.aspectclass.JobDoctor] - Initialization
2023-03-03 11:26:34 [DEBUG] [com.isvaso.aop.aspectclass.JobBuilder] - Initialization
2023-03-03 11:26:34 [DEBUG] [com.isvaso.aop.aspectclass.Person] - Initialization
2023-03-03 11:26:34 [DEBUG] [com.isvaso.aop.aspectclass.Person] - Education checking status: started
2023-03-03 11:26:34 [DEBUG] [com.isvaso.aop.aspectclass.Person] - getEducation()
2023-03-03 11:26:34 [DEBUG] [com.isvaso.aop.aspectclass.Person] - Education checking status: denied
2023-03-03 11:26:34 [DEBUG] [com.isvaso.aop.aspectclass.Person] - Job access checking status: started
2023-03-03 11:26:34 [DEBUG] [com.isvaso.aop.aspectclass.Person] - getJob()
2023-03-03 11:26:34 [DEBUG] [com.isvaso.aop.aspectclass.Person] - Job access checking status: job is set
2023-03-03 11:26:34 [DEBUG] [com.isvaso.aop.aspectclass.Person] - work()
2023-03-03 11:26:34 [DEBUG] [com.isvaso.aop.aspectclass.JobUnemployed] - work()
2023-03-03 11:26:34 [DEBUG] [com.isvaso.aop.aspectclass.JobUnemployed] - getJobName()
2023-03-03 11:26:34 [DEBUG] [com.isvaso.aop.aspectclass.JobBuilder] - Destroyed
2023-03-03 11:26:34 [DEBUG] [com.isvaso.aop.aspectclass.JobDoctor] - Destroyed
2023-03-03 11:26:34 [DEBUG] [com.isvaso.aop.aspectclass.JobBuilder] - Destroyed
2023-03-03 11:28:17 [DEBUG] [com.isvaso.aop.aspectclass.JobBuilder] - Initialization
2023-03-03 11:28:17 [DEBUG] [com.isvaso.aop.aspectclass.JobDoctor] - Initialization
2023-03-03 11:28:17 [DEBUG] [com.isvaso.aop.aspectclass.JobBuilder] - Initialization
2023-03-03 11:28:17 [DEBUG] [com.isvaso.aop.aspectclass.Person] - Initialization
2023-03-03 11:28:17 [DEBUG] [com.isvaso.aop.aspectclass.Person] - setJob(com.isvaso.aop.aspectclass.JobDoctor@14151bc5)
2023-03-03 11:28:17 [DEBUG] [com.isvaso.aop.aspectclass.Person] - Education checking status: started
2023-03-03 11:28:17 [DEBUG] [com.isvaso.aop.aspectclass.Person] - getEducation()
2023-03-03 11:28:17 [DEBUG] [com.isvaso.aop.aspectclass.Person] - Education checking status: denied
2023-03-03 11:28:17 [DEBUG] [com.isvaso.aop.aspectclass.Person] - Job access checking status: started
2023-03-03 11:28:17 [DEBUG] [com.isvaso.aop.aspectclass.Person] - getJob()
2023-03-03 11:28:17 [DEBUG] [com.isvaso.aop.aspectclass.Person] - Job access checking status: job is set
2023-03-03 11:28:17 [DEBUG] [com.isvaso.aop.aspectclass.Person] - work()
2023-03-03 11:28:17 [DEBUG] [com.isvaso.aop.aspectclass.JobUnemployed] - work()
2023-03-03 11:28:17 [DEBUG] [com.isvaso.aop.aspectclass.JobUnemployed] - getJobName()
2023-03-03 11:28:17 [DEBUG] [com.isvaso.aop.aspectclass.JobBuilder] - Destroyed
2023-03-03 11:28:17 [DEBUG] [com.isvaso.aop.aspectclass.JobDoctor] - Destroyed
2023-03-03 11:28:17 [DEBUG] [com.isvaso.aop.aspectclass.JobBuilder] - Destroyed
2023-03-03 11:29:16 [DEBUG] [com.isvaso.aop.aspectclass.JobBuilder] - Initialization
2023-03-03 11:29:16 [DEBUG] [com.isvaso.aop.aspectclass.JobDoctor] - Initialization
2023-03-03 11:29:16 [DEBUG] [com.isvaso.aop.aspectclass.JobBuilder] - Initialization
2023-03-03 11:29:16 [DEBUG] [com.isvaso.aop.aspectclass.Person] - Initialization
2023-03-03 11:29:16 [DEBUG] [com.isvaso.aop.aspectclass.Person] - setJob(com.isvaso.aop.aspectclass.JobDoctor@425d5d46)
2023-03-03 11:29:16 [DEBUG] [com.isvaso.aop.aspectclass.Person] - Education checking status: started
2023-03-03 11:29:16 [DEBUG] [com.isvaso.aop.aspectclass.Person] - getEducation()
2023-03-03 11:29:16 [DEBUG] [com.isvaso.aop.aspectclass.Person] - Education checking status: denied
2023-03-03 11:29:16 [DEBUG] [com.isvaso.aop.aspectclass.Person] - Job access checking status: started
2023-03-03 11:29:16 [DEBUG] [com.isvaso.aop.aspectclass.Person] - getJob()
2023-03-03 11:29:16 [DEBUG] [com.isvaso.aop.aspectclass.Person] - Job access checking status: job is set
2023-03-03 11:29:16 [DEBUG] [com.isvaso.aop.aspectclass.Person] - work()
2023-03-03 11:29:16 [DEBUG] [com.isvaso.aop.aspectclass.JobUnemployed] - work()
2023-03-03 11:29:16 [DEBUG] [com.isvaso.aop.aspectclass.JobUnemployed] - getJobName()
2023-03-03 11:29:16 [DEBUG] [com.isvaso.aop.aspectclass.JobBuilder] - Destroyed
2023-03-03 11:29:16 [DEBUG] [com.isvaso.aop.aspectclass.JobDoctor] - Destroyed
2023-03-03 11:29:16 [DEBUG] [com.isvaso.aop.aspectclass.JobBuilder] - Destroyed
2023-03-03 11:30:44 [DEBUG] [com.isvaso.aop.aspectclass.JobBuilder] - Initialization
2023-03-03 11:30:44 [DEBUG] [com.isvaso.aop.aspectclass.JobDoctor] - Initialization
2023-03-03 11:30:44 [DEBUG] [com.isvaso.aop.aspectclass.JobBuilder] - Initialization
2023-03-03 11:30:44 [DEBUG] [com.isvaso.aop.aspectclass.Person] - Initialization
2023-03-03 11:30:44 [DEBUG] [com.isvaso.aop.aspectclass.Person] - setJob(com.isvaso.aop.aspectclass.JobDoctor@14151bc5)
2023-03-03 11:30:44 [DEBUG] [com.isvaso.aop.aspectclass.Person] - Education checking status: started
2023-03-03 11:30:44 [DEBUG] [com.isvaso.aop.aspectclass.Person] - getEducation()
2023-03-03 11:30:44 [DEBUG] [com.isvaso.aop.aspectclass.Person] - Education checking status: denied
2023-03-03 11:30:44 [DEBUG] [com.isvaso.aop.aspectclass.Person] - Job access checking status: started
2023-03-03 11:30:44 [DEBUG] [com.isvaso.aop.aspectclass.Person] - getJob()
2023-03-03 11:30:44 [DEBUG] [com.isvaso.aop.aspectclass.Person] - Job access checking status: job is set
2023-03-03 11:30:44 [DEBUG] [com.isvaso.aop.aspectclass.Person] - work()
2023-03-03 11:30:44 [DEBUG] [com.isvaso.aop.aspectclass.JobUnemployed] - work()
2023-03-03 11:30:44 [DEBUG] [com.isvaso.aop.aspectclass.JobUnemployed] - getJobName()
2023-03-03 11:30:44 [DEBUG] [com.isvaso.aop.aspectclass.JobBuilder] - Destroyed
2023-03-03 11:30:44 [DEBUG] [com.isvaso.aop.aspectclass.JobDoctor] - Destroyed
2023-03-03 11:30:44 [DEBUG] [com.isvaso.aop.aspectclass.JobBuilder] - Destroyed
2023-03-03 11:31:57 [DEBUG] [com.isvaso.aop.aspectclass.JobBuilder] - Initialization
2023-03-03 11:31:57 [DEBUG] [com.isvaso.aop.aspectclass.JobDoctor] - Initialization
2023-03-03 11:31:57 [DEBUG] [com.isvaso.aop.aspectclass.JobBuilder] - Initialization
2023-03-03 11:31:57 [DEBUG] [com.isvaso.aop.aspectclass.Person] - Initialization
2023-03-03 11:31:57 [DEBUG] [com.isvaso.aop.aspectclass.Person] - setJob(com.isvaso.aop.aspectclass.JobDoctor@14151bc5)
2023-03-03 11:31:57 [DEBUG] [com.isvaso.aop.aspectclass.Person] - Education checking status: started
2023-03-03 11:31:57 [DEBUG] [com.isvaso.aop.aspectclass.Person] - getEducation()
2023-03-03 11:31:57 [DEBUG] [com.isvaso.aop.aspectclass.Person] - getEducation()
2023-03-03 11:31:57 [DEBUG] [com.isvaso.aop.aspectclass.JobBuilder] - toString()
2023-03-03 11:31:57 [DEBUG] [com.isvaso.aop.aspectclass.Person] - Education is: com.isvaso.aop.aspectclass.JobBuilder@6d2d99fc
2023-03-03 11:31:57 [DEBUG] [com.isvaso.aop.aspectclass.Person] - Education checking status: denied
2023-03-03 11:31:57 [DEBUG] [com.isvaso.aop.aspectclass.Person] - Job access checking status: started
2023-03-03 11:31:57 [DEBUG] [com.isvaso.aop.aspectclass.Person] - getJob()
2023-03-03 11:31:57 [DEBUG] [com.isvaso.aop.aspectclass.Person] - Job access checking status: job is set
2023-03-03 11:31:57 [DEBUG] [com.isvaso.aop.aspectclass.Person] - work()
2023-03-03 11:31:57 [DEBUG] [com.isvaso.aop.aspectclass.JobUnemployed] - work()
2023-03-03 11:31:57 [DEBUG] [com.isvaso.aop.aspectclass.JobUnemployed] - getJobName()
2023-03-03 11:31:57 [DEBUG] [com.isvaso.aop.aspectclass.JobBuilder] - Destroyed
2023-03-03 11:31:57 [DEBUG] [com.isvaso.aop.aspectclass.JobDoctor] - Destroyed
2023-03-03 11:31:57 [DEBUG] [com.isvaso.aop.aspectclass.JobBuilder] - Destroyed
2023-03-03 11:33:20 [DEBUG] [com.isvaso.aop.aspectclass.JobBuilder] - Initialization
2023-03-03 11:33:20 [DEBUG] [com.isvaso.aop.aspectclass.JobDoctor] - Initialization
2023-03-03 11:33:20 [DEBUG] [com.isvaso.aop.aspectclass.JobBuilder] - Initialization
2023-03-03 11:33:20 [DEBUG] [com.isvaso.aop.aspectclass.Person] - Initialization
2023-03-03 11:33:20 [DEBUG] [com.isvaso.aop.aspectclass.Person] - setJob(com.isvaso.aop.aspectclass.JobDoctor@14151bc5)
2023-03-03 11:33:20 [DEBUG] [com.isvaso.aop.aspectclass.Person] - Education checking status: started
2023-03-03 11:33:20 [DEBUG] [com.isvaso.aop.aspectclass.Person] - getEducation()
2023-03-03 11:33:20 [DEBUG] [com.isvaso.aop.aspectclass.Person] - getEducation()
2023-03-03 11:33:20 [DEBUG] [com.isvaso.aop.aspectclass.JobBuilder] - toString()
2023-03-03 11:33:20 [DEBUG] [com.isvaso.aop.aspectclass.Person] - Education is: com.isvaso.aop.aspectclass.JobBuilder@6d2d99fc
2023-03-03 11:33:20 [DEBUG] [com.isvaso.aop.aspectclass.Person] - Education checking status: denied
2023-03-03 11:33:20 [DEBUG] [com.isvaso.aop.aspectclass.Person] - Job access checking status: started
2023-03-03 11:33:20 [DEBUG] [com.isvaso.aop.aspectclass.Person] - getJob()
2023-03-03 11:33:20 [DEBUG] [com.isvaso.aop.aspectclass.Person] - Job access checking status: job is set
2023-03-03 11:33:20 [DEBUG] [com.isvaso.aop.aspectclass.Person] - work()
2023-03-03 11:33:20 [DEBUG] [com.isvaso.aop.aspectclass.JobUnemployed] - work()
2023-03-03 11:33:20 [DEBUG] [com.isvaso.aop.aspectclass.JobUnemployed] - getJobName()
2023-03-03 11:33:20 [DEBUG] [com.isvaso.aop.aspectclass.JobBuilder] - Destroyed
2023-03-03 11:33:20 [DEBUG] [com.isvaso.aop.aspectclass.JobDoctor] - Destroyed
2023-03-03 11:33:20 [DEBUG] [com.isvaso.aop.aspectclass.JobBuilder] - Destroyed
2023-03-03 11:34:00 [DEBUG] [com.isvaso.aop.aspectclass.JobBuilder] - Initialization
2023-03-03 11:34:00 [DEBUG] [com.isvaso.aop.aspectclass.JobDoctor] - Initialization
2023-03-03 11:34:00 [DEBUG] [com.isvaso.aop.aspectclass.JobBuilder] - Initialization
2023-03-03 11:34:00 [DEBUG] [com.isvaso.aop.aspectclass.Person] - Initialization
2023-03-03 11:34:00 [DEBUG] [com.isvaso.aop.aspectclass.Person] - setJob(com.isvaso.aop.aspectclass.JobBuilder@14151bc5)
2023-03-03 11:34:00 [DEBUG] [com.isvaso.aop.aspectclass.Person] - Education checking status: started
2023-03-03 11:34:00 [DEBUG] [com.isvaso.aop.aspectclass.Person] - getEducation()
2023-03-03 11:34:00 [DEBUG] [com.isvaso.aop.aspectclass.Person] - getEducation()
2023-03-03 11:34:00 [DEBUG] [com.isvaso.aop.aspectclass.JobBuilder] - toString()
2023-03-03 11:34:00 [DEBUG] [com.isvaso.aop.aspectclass.Person] - Education is: com.isvaso.aop.aspectclass.JobBuilder@6d2d99fc
2023-03-03 11:34:00 [DEBUG] [com.isvaso.aop.aspectclass.Person] - Education checking status: denied
2023-03-03 11:34:00 [DEBUG] [com.isvaso.aop.aspectclass.Person] - Job access checking status: started
2023-03-03 11:34:00 [DEBUG] [com.isvaso.aop.aspectclass.Person] - getJob()
2023-03-03 11:34:00 [DEBUG] [com.isvaso.aop.aspectclass.Person] - Job access checking status: job is set
2023-03-03 11:34:00 [DEBUG] [com.isvaso.aop.aspectclass.Person] - work()
2023-03-03 11:34:00 [DEBUG] [com.isvaso.aop.aspectclass.JobUnemployed] - work()
2023-03-03 11:34:00 [DEBUG] [com.isvaso.aop.aspectclass.JobUnemployed] - getJobName()
2023-03-03 11:34:00 [DEBUG] [com.isvaso.aop.aspectclass.JobBuilder] - Destroyed
2023-03-03 11:34:00 [DEBUG] [com.isvaso.aop.aspectclass.JobDoctor] - Destroyed
2023-03-03 11:34:00 [DEBUG] [com.isvaso.aop.aspectclass.JobBuilder] - Destroyed
2023-03-03 11:34:28 [DEBUG] [com.isvaso.aop.aspectclass.JobBuilder] - Initialization
2023-03-03 11:34:28 [DEBUG] [com.isvaso.aop.aspectclass.JobDoctor] - Initialization
2023-03-03 11:34:28 [DEBUG] [com.isvaso.aop.aspectclass.JobBuilder] - Initialization
2023-03-03 11:34:28 [DEBUG] [com.isvaso.aop.aspectclass.Person] - Initialization
2023-03-03 11:34:28 [DEBUG] [com.isvaso.aop.aspectclass.Person] - setJob(com.isvaso.aop.aspectclass.JobBuilder@14151bc5)
2023-03-03 11:34:28 [DEBUG] [com.isvaso.aop.aspectclass.Person] - Education checking status: started
2023-03-03 11:34:28 [DEBUG] [com.isvaso.aop.aspectclass.Person] - getEducation()
2023-03-03 11:34:28 [DEBUG] [com.isvaso.aop.aspectclass.Person] - getEducation()
2023-03-03 11:34:28 [DEBUG] [com.isvaso.aop.aspectclass.JobBuilder] - toString()
2023-03-03 11:34:28 [DEBUG] [com.isvaso.aop.aspectclass.Person] - Education is: com.isvaso.aop.aspectclass.JobBuilder@6d2d99fc
2023-03-03 11:34:28 [DEBUG] [com.isvaso.aop.aspectclass.Person] - Education checking status: denied
2023-03-03 11:34:28 [DEBUG] [com.isvaso.aop.aspectclass.Person] - Job access checking status: started
2023-03-03 11:34:28 [DEBUG] [com.isvaso.aop.aspectclass.Person] - getJob()
2023-03-03 11:34:28 [DEBUG] [com.isvaso.aop.aspectclass.Person] - Job access checking status: job is set
2023-03-03 11:34:28 [DEBUG] [com.isvaso.aop.aspectclass.Person] - work()
2023-03-03 11:34:28 [DEBUG] [com.isvaso.aop.aspectclass.JobUnemployed] - work()
2023-03-03 11:34:28 [DEBUG] [com.isvaso.aop.aspectclass.JobUnemployed] - getJobName()
2023-03-03 11:34:28 [DEBUG] [com.isvaso.aop.aspectclass.JobBuilder] - Destroyed
2023-03-03 11:34:28 [DEBUG] [com.isvaso.aop.aspectclass.JobDoctor] - Destroyed
2023-03-03 11:34:28 [DEBUG] [com.isvaso.aop.aspectclass.JobBuilder] - Destroyed
2023-03-03 11:35:56 [DEBUG] [com.isvaso.aop.aspectclass.JobBuilder] - Initialization
2023-03-03 11:35:56 [DEBUG] [com.isvaso.aop.aspectclass.JobDoctor] - Initialization
2023-03-03 11:35:56 [DEBUG] [com.isvaso.aop.aspectclass.JobBuilder] - Initialization
2023-03-03 11:35:56 [DEBUG] [com.isvaso.aop.aspectclass.Person] - Initialization
2023-03-03 11:35:56 [DEBUG] [com.isvaso.aop.aspectclass.Person] - setJob(com.isvaso.aop.aspectclass.JobBuilder@14151bc5)
2023-03-03 11:35:56 [DEBUG] [com.isvaso.aop.aspectclass.Person] - Education checking status: started
2023-03-03 11:35:56 [DEBUG] [com.isvaso.aop.aspectclass.Person] - getEducation()
2023-03-03 11:35:56 [DEBUG] [com.isvaso.aop.aspectclass.Person] - getEducation()
2023-03-03 11:35:56 [DEBUG] [com.isvaso.aop.aspectclass.JobBuilder] - toString()
2023-03-03 11:35:56 [DEBUG] [com.isvaso.aop.aspectclass.Person] - Education is: com.isvaso.aop.aspectclass.JobBuilder@6d2d99fc
2023-03-03 11:35:56 [DEBUG] [com.isvaso.aop.aspectclass.Person] - Education checking status: denied
2023-03-03 11:35:56 [DEBUG] [com.isvaso.aop.aspectclass.Person] - Job access checking status: started
2023-03-03 11:35:56 [DEBUG] [com.isvaso.aop.aspectclass.Person] - getJob()
2023-03-03 11:35:56 [DEBUG] [com.isvaso.aop.aspectclass.Person] - Job access checking status: job is set
2023-03-03 11:35:56 [DEBUG] [com.isvaso.aop.aspectclass.Person] - work()
2023-03-03 11:35:56 [DEBUG] [com.isvaso.aop.aspectclass.JobUnemployed] - work()
2023-03-03 11:35:56 [DEBUG] [com.isvaso.aop.aspectclass.JobUnemployed] - getJobName()
2023-03-03 11:35:56 [DEBUG] [com.isvaso.aop.aspectclass.JobBuilder] - Destroyed
2023-03-03 11:35:56 [DEBUG] [com.isvaso.aop.aspectclass.JobDoctor] - Destroyed
2023-03-03 11:35:56 [DEBUG] [com.isvaso.aop.aspectclass.JobBuilder] - Destroyed
2023-03-03 11:36:31 [DEBUG] [com.isvaso.aop.aspectclass.JobBuilder] - Initialization
2023-03-03 11:36:31 [DEBUG] [com.isvaso.aop.aspectclass.JobDoctor] - Initialization
2023-03-03 11:36:31 [DEBUG] [com.isvaso.aop.aspectclass.JobBuilder] - Initialization
2023-03-03 11:36:31 [DEBUG] [com.isvaso.aop.aspectclass.Person] - Initialization
2023-03-03 11:36:31 [DEBUG] [com.isvaso.aop.aspectclass.Person] - setJob(com.isvaso.aop.aspectclass.JobBuilder@14151bc5)
2023-03-03 11:36:31 [DEBUG] [com.isvaso.aop.aspectclass.Person] - Education checking status: started
2023-03-03 11:36:31 [DEBUG] [com.isvaso.aop.aspectclass.Person] - getEducation()
2023-03-03 11:36:31 [DEBUG] [com.isvaso.aop.aspectclass.Person] - getEducation()
2023-03-03 11:36:31 [DEBUG] [com.isvaso.aop.aspectclass.Person] - Education is: class jdk.proxy2.$Proxy44
2023-03-03 11:36:31 [DEBUG] [com.isvaso.aop.aspectclass.Person] - Education checking status: denied
2023-03-03 11:36:31 [DEBUG] [com.isvaso.aop.aspectclass.Person] - Job access checking status: started
2023-03-03 11:36:31 [DEBUG] [com.isvaso.aop.aspectclass.Person] - getJob()
2023-03-03 11:36:31 [DEBUG] [com.isvaso.aop.aspectclass.Person] - Job access checking status: job is set
2023-03-03 11:36:31 [DEBUG] [com.isvaso.aop.aspectclass.Person] - work()
2023-03-03 11:36:31 [DEBUG] [com.isvaso.aop.aspectclass.JobUnemployed] - work()
2023-03-03 11:36:31 [DEBUG] [com.isvaso.aop.aspectclass.JobUnemployed] - getJobName()
2023-03-03 11:36:31 [DEBUG] [com.isvaso.aop.aspectclass.JobBuilder] - Destroyed
2023-03-03 11:36:31 [DEBUG] [com.isvaso.aop.aspectclass.JobDoctor] - Destroyed
2023-03-03 11:36:31 [DEBUG] [com.isvaso.aop.aspectclass.JobBuilder] - Destroyed
2023-03-03 11:38:29 [DEBUG] [com.isvaso.aop.aspectclass.JobBuilder] - Initialization
2023-03-03 11:38:29 [DEBUG] [com.isvaso.aop.aspectclass.JobDoctor] - Initialization
2023-03-03 11:38:29 [DEBUG] [com.isvaso.aop.aspectclass.JobBuilder] - Initialization
2023-03-03 11:38:29 [DEBUG] [com.isvaso.aop.aspectclass.Person] - Initialization
2023-03-03 11:38:29 [DEBUG] [com.isvaso.aop.aspectclass.Person] - setJob(com.isvaso.aop.aspectclass.JobBuilder@14151bc5)
2023-03-03 11:38:29 [DEBUG] [com.isvaso.aop.aspectclass.Person] - Education checking status: started
2023-03-03 11:39:33 [DEBUG] [com.isvaso.aop.aspectclass.JobBuilder] - Initialization
2023-03-03 11:39:33 [DEBUG] [com.isvaso.aop.aspectclass.JobDoctor] - Initialization
2023-03-03 11:39:33 [DEBUG] [com.isvaso.aop.aspectclass.JobBuilder] - Initialization
2023-03-03 11:39:33 [DEBUG] [com.isvaso.aop.aspectclass.Person] - Initialization
2023-03-03 11:39:33 [DEBUG] [com.isvaso.aop.aspectclass.Person] - setJob(com.isvaso.aop.aspectclass.JobBuilder@14151bc5)
2023-03-03 11:39:33 [DEBUG] [com.isvaso.aop.aspectclass.Person] - Education checking status: started
2023-03-03 11:39:33 [DEBUG] [com.isvaso.aop.aspectclass.Person] - getEducation()
2023-03-03 11:39:33 [DEBUG] [com.isvaso.aop.aspectclass.Person] - getEducation()
2023-03-03 11:39:33 [DEBUG] [com.isvaso.aop.aspectclass.JobBuilder] - toString()
2023-03-03 11:39:33 [DEBUG] [com.isvaso.aop.aspectclass.Person] - Education is: com.isvaso.aop.aspectclass.JobBuilder@6d2d99fc
2023-03-03 11:39:33 [DEBUG] [com.isvaso.aop.aspectclass.Person] - Education checking status: denied
2023-03-03 11:39:33 [DEBUG] [com.isvaso.aop.aspectclass.Person] - Job access checking status: started
2023-03-03 11:39:33 [DEBUG] [com.isvaso.aop.aspectclass.Person] - getJob()
2023-03-03 11:39:33 [DEBUG] [com.isvaso.aop.aspectclass.Person] - Job access checking status: job is set
2023-03-03 11:39:33 [DEBUG] [com.isvaso.aop.aspectclass.Person] - work()
2023-03-03 11:39:33 [DEBUG] [com.isvaso.aop.aspectclass.JobUnemployed] - work()
2023-03-03 11:39:33 [DEBUG] [com.isvaso.aop.aspectclass.JobUnemployed] - getJobName()
2023-03-03 11:39:33 [DEBUG] [com.isvaso.aop.aspectclass.JobBuilder] - Destroyed
2023-03-03 11:39:33 [DEBUG] [com.isvaso.aop.aspectclass.JobDoctor] - Destroyed
2023-03-03 11:39:33 [DEBUG] [com.isvaso.aop.aspectclass.JobBuilder] - Destroyed
2023-03-03 11:40:56 [DEBUG] [com.isvaso.aop.aspectclass.JobBuilder] - Initialization
2023-03-03 11:40:56 [DEBUG] [com.isvaso.aop.aspectclass.JobDoctor] - Initialization
2023-03-03 11:40:56 [DEBUG] [com.isvaso.aop.aspectclass.JobBuilder] - Initialization
2023-03-03 11:40:56 [DEBUG] [com.isvaso.aop.aspectclass.Person] - Initialization
2023-03-03 11:40:56 [DEBUG] [com.isvaso.aop.aspectclass.Person] - setJob(com.isvaso.aop.aspectclass.JobBuilder@14151bc5)
2023-03-03 11:40:56 [DEBUG] [com.isvaso.aop.aspectclass.Person] - Education checking status: started
2023-03-03 11:40:56 [DEBUG] [com.isvaso.aop.aspectclass.Person] - toString()
2023-03-03 11:40:56 [DEBUG] [com.isvaso.aop.aspectclass.Person] - getEducation()
2023-03-03 11:40:56 [DEBUG] [com.isvaso.aop.aspectclass.Person] - getEducation()
2023-03-03 11:40:56 [DEBUG] [com.isvaso.aop.aspectclass.JobBuilder] - toString()
2023-03-03 11:40:56 [DEBUG] [com.isvaso.aop.aspectclass.Person] - Education is: com.isvaso.aop.aspectclass.JobBuilder@6d2d99fc
2023-03-03 11:40:56 [DEBUG] [com.isvaso.aop.aspectclass.Person] - Education checking status: denied
2023-03-03 11:40:56 [DEBUG] [com.isvaso.aop.aspectclass.Person] - Job access checking status: started
2023-03-03 11:40:56 [DEBUG] [com.isvaso.aop.aspectclass.Person] - getJob()
2023-03-03 11:40:56 [DEBUG] [com.isvaso.aop.aspectclass.Person] - Job access checking status: job is set
2023-03-03 11:40:56 [DEBUG] [com.isvaso.aop.aspectclass.Person] - work()
2023-03-03 11:40:56 [DEBUG] [com.isvaso.aop.aspectclass.JobUnemployed] - work()
2023-03-03 11:40:56 [DEBUG] [com.isvaso.aop.aspectclass.JobUnemployed] - getJobName()
2023-03-03 11:40:56 [DEBUG] [com.isvaso.aop.aspectclass.JobBuilder] - Destroyed
2023-03-03 11:40:56 [DEBUG] [com.isvaso.aop.aspectclass.JobDoctor] - Destroyed
2023-03-03 11:40:56 [DEBUG] [com.isvaso.aop.aspectclass.JobBuilder] - Destroyed
2023-03-03 11:41:07 [DEBUG] [com.isvaso.aop.aspectclass.JobBuilder] - Initialization
2023-03-03 11:41:07 [DEBUG] [com.isvaso.aop.aspectclass.JobDoctor] - Initialization
2023-03-03 11:41:07 [DEBUG] [com.isvaso.aop.aspectclass.JobBuilder] - Initialization
2023-03-03 11:41:07 [DEBUG] [com.isvaso.aop.aspectclass.Person] - Initialization
2023-03-03 11:41:07 [DEBUG] [com.isvaso.aop.aspectclass.Person] - setJob(com.isvaso.aop.aspectclass.JobBuilder@14151bc5)
2023-03-03 11:41:07 [DEBUG] [com.isvaso.aop.aspectclass.Person] - Education checking status: started
2023-03-03 11:41:41 [DEBUG] [com.isvaso.aop.aspectclass.JobBuilder] - Initialization
2023-03-03 11:41:41 [DEBUG] [com.isvaso.aop.aspectclass.JobDoctor] - Initialization
2023-03-03 11:41:41 [DEBUG] [com.isvaso.aop.aspectclass.JobBuilder] - Initialization
2023-03-03 11:41:41 [DEBUG] [com.isvaso.aop.aspectclass.Person] - Initialization
2023-03-03 11:41:41 [DEBUG] [com.isvaso.aop.aspectclass.Person] - setJob(com.isvaso.aop.aspectclass.JobBuilder@14151bc5)
2023-03-03 11:41:41 [DEBUG] [com.isvaso.aop.aspectclass.Person] - Education checking status: started
2023-03-03 11:41:41 [DEBUG] [com.isvaso.aop.aspectclass.JobBuilder] - toString()
2023-03-03 11:41:41 [DEBUG] [com.isvaso.aop.aspectclass.Person] - Education is: com.isvaso.aop.aspectclass.JobBuilder@6d2d99fc
2023-03-03 11:41:41 [DEBUG] [com.isvaso.aop.aspectclass.Person] - Education checking status: denied
2023-03-03 11:41:41 [DEBUG] [com.isvaso.aop.aspectclass.Person] - Job access checking status: started
2023-03-03 11:41:41 [DEBUG] [com.isvaso.aop.aspectclass.Person] - getJob()
2023-03-03 11:41:41 [DEBUG] [com.isvaso.aop.aspectclass.Person] - Job access checking status: job is set
2023-03-03 11:41:41 [DEBUG] [com.isvaso.aop.aspectclass.Person] - work()
2023-03-03 11:41:41 [DEBUG] [com.isvaso.aop.aspectclass.JobUnemployed] - work()
2023-03-03 11:41:41 [DEBUG] [com.isvaso.aop.aspectclass.JobUnemployed] - getJobName()
2023-03-03 11:41:41 [DEBUG] [com.isvaso.aop.aspectclass.JobBuilder] - Destroyed
2023-03-03 11:41:41 [DEBUG] [com.isvaso.aop.aspectclass.JobDoctor] - Destroyed
2023-03-03 11:41:41 [DEBUG] [com.isvaso.aop.aspectclass.JobBuilder] - Destroyed
2023-03-03 11:41:57 [DEBUG] [com.isvaso.aop.aspectclass.JobBuilder] - Initialization
2023-03-03 11:41:57 [DEBUG] [com.isvaso.aop.aspectclass.JobDoctor] - Initialization
2023-03-03 11:41:57 [DEBUG] [com.isvaso.aop.aspectclass.JobBuilder] - Initialization
2023-03-03 11:41:57 [DEBUG] [com.isvaso.aop.aspectclass.Person] - Initialization
2023-03-03 11:41:57 [DEBUG] [com.isvaso.aop.aspectclass.Person] - setJob(com.isvaso.aop.aspectclass.JobBuilder@14151bc5)
2023-03-03 11:41:57 [DEBUG] [com.isvaso.aop.aspectclass.Person] - Education checking status: started
2023-03-03 11:41:57 [DEBUG] [com.isvaso.aop.aspectclass.Person] - toString()
2023-03-03 11:41:57 [DEBUG] [com.isvaso.aop.aspectclass.Person] - getEducation()
2023-03-03 11:41:57 [DEBUG] [com.isvaso.aop.aspectclass.Person] - getEducation()
2023-03-03 11:41:57 [DEBUG] [com.isvaso.aop.aspectclass.JobBuilder] - toString()
2023-03-03 11:41:57 [DEBUG] [com.isvaso.aop.aspectclass.Person] - Education is: com.isvaso.aop.aspectclass.JobBuilder@6d2d99fc
2023-03-03 11:41:57 [DEBUG] [com.isvaso.aop.aspectclass.Person] - Education checking status: denied
2023-03-03 11:41:57 [DEBUG] [com.isvaso.aop.aspectclass.Person] - Job access checking status: started
2023-03-03 11:41:57 [DEBUG] [com.isvaso.aop.aspectclass.Person] - getJob()
2023-03-03 11:41:57 [DEBUG] [com.isvaso.aop.aspectclass.Person] - Job access checking status: job is set
2023-03-03 11:41:57 [DEBUG] [com.isvaso.aop.aspectclass.Person] - work()
2023-03-03 11:41:57 [DEBUG] [com.isvaso.aop.aspectclass.JobUnemployed] - work()
2023-03-03 11:41:57 [DEBUG] [com.isvaso.aop.aspectclass.JobUnemployed] - getJobName()
2023-03-03 11:41:57 [DEBUG] [com.isvaso.aop.aspectclass.JobBuilder] - Destroyed
2023-03-03 11:41:57 [DEBUG] [com.isvaso.aop.aspectclass.JobDoctor] - Destroyed
2023-03-03 11:41:57 [DEBUG] [com.isvaso.aop.aspectclass.JobBuilder] - Destroyed
2023-03-03 11:42:57 [DEBUG] [com.isvaso.aop.aspectclass.JobBuilder] - Initialization
2023-03-03 11:42:57 [DEBUG] [com.isvaso.aop.aspectclass.JobDoctor] - Initialization
2023-03-03 11:42:57 [DEBUG] [com.isvaso.aop.aspectclass.JobBuilder] - Initialization
2023-03-03 11:42:57 [DEBUG] [com.isvaso.aop.aspectclass.Person] - Initialization
2023-03-03 11:42:57 [DEBUG] [com.isvaso.aop.aspectclass.Person] - setJob(com.isvaso.aop.aspectclass.JobBuilder@14151bc5)
2023-03-03 11:42:57 [DEBUG] [com.isvaso.aop.aspectclass.Person] - Education checking status: started
2023-03-03 11:42:57 [DEBUG] [com.isvaso.aop.aspectclass.Person] - getEducation()
2023-03-03 11:42:57 [DEBUG] [com.isvaso.aop.aspectclass.JobBuilder] - toString()
2023-03-03 11:42:57 [DEBUG] [com.isvaso.aop.aspectclass.Person] - getEducation()
2023-03-03 11:42:57 [DEBUG] [com.isvaso.aop.aspectclass.Person] - getEducation()
2023-03-03 11:42:57 [DEBUG] [com.isvaso.aop.aspectclass.JobBuilder] - toString()
2023-03-03 11:42:57 [DEBUG] [com.isvaso.aop.aspectclass.Person] - Education is: com.isvaso.aop.aspectclass.JobBuilder@6d2d99fc
2023-03-03 11:42:57 [DEBUG] [com.isvaso.aop.aspectclass.Person] - Education checking status: denied
2023-03-03 11:42:57 [DEBUG] [com.isvaso.aop.aspectclass.Person] - Job access checking status: started
2023-03-03 11:42:57 [DEBUG] [com.isvaso.aop.aspectclass.Person] - getJob()
2023-03-03 11:42:57 [DEBUG] [com.isvaso.aop.aspectclass.Person] - Job access checking status: job is set
2023-03-03 11:42:57 [DEBUG] [com.isvaso.aop.aspectclass.Person] - work()
2023-03-03 11:42:57 [DEBUG] [com.isvaso.aop.aspectclass.JobUnemployed] - work()
2023-03-03 11:42:57 [DEBUG] [com.isvaso.aop.aspectclass.JobUnemployed] - getJobName()
2023-03-03 11:42:57 [DEBUG] [com.isvaso.aop.aspectclass.JobBuilder] - Destroyed
2023-03-03 11:42:57 [DEBUG] [com.isvaso.aop.aspectclass.JobDoctor] - Destroyed
2023-03-03 11:42:57 [DEBUG] [com.isvaso.aop.aspectclass.JobBuilder] - Destroyed
2023-03-03 11:43:08 [DEBUG] [com.isvaso.aop.aspectclass.JobBuilder] - Initialization
2023-03-03 11:43:08 [DEBUG] [com.isvaso.aop.aspectclass.JobDoctor] - Initialization
2023-03-03 11:43:08 [DEBUG] [com.isvaso.aop.aspectclass.JobBuilder] - Initialization
2023-03-03 11:43:08 [DEBUG] [com.isvaso.aop.aspectclass.Person] - Initialization
2023-03-03 11:43:08 [DEBUG] [com.isvaso.aop.aspectclass.Person] - setJob(com.isvaso.aop.aspectclass.JobBuilder@14151bc5)
2023-03-03 11:43:08 [DEBUG] [com.isvaso.aop.aspectclass.Person] - Education checking status: started
2023-03-03 11:43:08 [DEBUG] [com.isvaso.aop.aspectclass.Person] - getEducation()
2023-03-03 11:43:08 [DEBUG] [com.isvaso.aop.aspectclass.Person] - getEducation()
2023-03-03 11:43:08 [DEBUG] [com.isvaso.aop.aspectclass.Person] - getEducation()
2023-03-03 11:43:08 [DEBUG] [com.isvaso.aop.aspectclass.JobBuilder] - toString()
2023-03-03 11:43:08 [DEBUG] [com.isvaso.aop.aspectclass.Person] - Education is: com.isvaso.aop.aspectclass.JobBuilder@6d2d99fc
2023-03-03 11:43:08 [DEBUG] [com.isvaso.aop.aspectclass.Person] - Education checking status: denied
2023-03-03 11:43:08 [DEBUG] [com.isvaso.aop.aspectclass.Person] - Job access checking status: started
2023-03-03 11:43:08 [DEBUG] [com.isvaso.aop.aspectclass.Person] - getJob()
2023-03-03 11:43:08 [DEBUG] [com.isvaso.aop.aspectclass.Person] - Job access checking status: job is set
2023-03-03 11:43:08 [DEBUG] [com.isvaso.aop.aspectclass.Person] - work()
2023-03-03 11:43:08 [DEBUG] [com.isvaso.aop.aspectclass.JobUnemployed] - work()
2023-03-03 11:43:08 [DEBUG] [com.isvaso.aop.aspectclass.JobUnemployed] - getJobName()
2023-03-03 11:43:08 [DEBUG] [com.isvaso.aop.aspectclass.JobBuilder] - Destroyed
2023-03-03 11:43:08 [DEBUG] [com.isvaso.aop.aspectclass.JobDoctor] - Destroyed
2023-03-03 11:43:08 [DEBUG] [com.isvaso.aop.aspectclass.JobBuilder] - Destroyed
2023-03-03 11:46:04 [DEBUG] [com.isvaso.aop.aspectclass.JobBuilder] - Initialization
2023-03-03 11:46:04 [DEBUG] [com.isvaso.aop.aspectclass.JobDoctor] - Initialization
2023-03-03 11:46:04 [DEBUG] [com.isvaso.aop.aspectclass.JobBuilder] - Initialization
2023-03-03 11:46:04 [DEBUG] [com.isvaso.aop.aspectclass.Person] - Initialization
2023-03-03 11:46:04 [DEBUG] [com.isvaso.aop.aspectclass.Person] - setJob(com.isvaso.aop.aspectclass.JobBuilder@14151bc5)
2023-03-03 11:46:04 [DEBUG] [com.isvaso.aop.aspectclass.Person] - Education checking status: started
2023-03-03 11:46:04 [DEBUG] [com.isvaso.aop.aspectclass.Person] - getEducation()
2023-03-03 11:46:04 [DEBUG] [com.isvaso.aop.aspectclass.JobBuilder] - getJobName()
2023-03-03 11:46:04 [DEBUG] [com.isvaso.aop.aspectclass.Person] - setJob(com.isvaso.aop.aspectclass.JobBuilder@14151bc5)
2023-03-03 11:46:31 [DEBUG] [com.isvaso.aop.aspectclass.JobBuilder] - Initialization
2023-03-03 11:46:31 [DEBUG] [com.isvaso.aop.aspectclass.JobDoctor] - Initialization
2023-03-03 11:46:31 [DEBUG] [com.isvaso.aop.aspectclass.JobBuilder] - Initialization
2023-03-03 11:46:31 [DEBUG] [com.isvaso.aop.aspectclass.Person] - Initialization
2023-03-03 11:46:31 [DEBUG] [com.isvaso.aop.aspectclass.Person] - setJob(com.isvaso.aop.aspectclass.JobBuilder@14151bc5)
2023-03-03 11:46:31 [DEBUG] [com.isvaso.aop.aspectclass.Person] - Education checking status: started
2023-03-03 11:46:31 [DEBUG] [com.isvaso.aop.aspectclass.Person] - getEducation()
2023-03-03 11:46:31 [DEBUG] [com.isvaso.aop.aspectclass.JobBuilder] - getJobName()
2023-03-03 11:46:31 [DEBUG] [com.isvaso.aop.aspectclass.Person] - setJob(com.isvaso.aop.aspectclass.JobBuilder@14151bc5)
2023-03-03 11:46:31 [DEBUG] [com.isvaso.aop.aspectclass.Person] - Education is: Builder
2023-03-03 11:46:31 [DEBUG] [com.isvaso.aop.aspectclass.Person] - Education checking status: verified
2023-03-03 11:46:31 [DEBUG] [com.isvaso.aop.aspectclass.Person] - Job access checking status: started
2023-03-03 11:46:31 [DEBUG] [com.isvaso.aop.aspectclass.Person] - getJob()
2023-03-03 11:46:31 [DEBUG] [com.isvaso.aop.aspectclass.Person] - Job access checking status: job is set
2023-03-03 11:46:31 [DEBUG] [com.isvaso.aop.aspectclass.Person] - work()
2023-03-03 11:46:31 [DEBUG] [com.isvaso.aop.aspectclass.JobBuilder] - Destroyed
2023-03-03 11:46:31 [DEBUG] [com.isvaso.aop.aspectclass.JobDoctor] - Destroyed
2023-03-03 11:46:31 [DEBUG] [com.isvaso.aop.aspectclass.JobBuilder] - Destroyed
2023-03-03 11:47:06 [DEBUG] [com.isvaso.aop.aspectclass.JobBuilder] - Initialization
2023-03-03 11:47:06 [DEBUG] [com.isvaso.aop.aspectclass.JobDoctor] - Initialization
2023-03-03 11:47:06 [DEBUG] [com.isvaso.aop.aspectclass.JobBuilder] - Initialization
2023-03-03 11:47:06 [DEBUG] [com.isvaso.aop.aspectclass.Person] - Initialization
2023-03-03 11:47:06 [DEBUG] [com.isvaso.aop.aspectclass.Person] - setJob(com.isvaso.aop.aspectclass.JobBuilder@14151bc5)
2023-03-03 11:47:06 [DEBUG] [com.isvaso.aop.aspectclass.Person] - Education checking status: started
2023-03-03 11:47:06 [DEBUG] [com.isvaso.aop.aspectclass.Person] - getEducation()
2023-03-03 11:47:06 [DEBUG] [com.isvaso.aop.aspectclass.JobBuilder] - getJobName()
2023-03-03 11:47:06 [DEBUG] [com.isvaso.aop.aspectclass.Person] - setJob(com.isvaso.aop.aspectclass.JobBuilder@14151bc5)
2023-03-03 11:47:06 [DEBUG] [com.isvaso.aop.aspectclass.Person] - Education is: Builder
2023-03-03 11:47:06 [DEBUG] [com.isvaso.aop.aspectclass.Person] - Education checking status: verified
2023-03-03 11:47:06 [DEBUG] [com.isvaso.aop.aspectclass.Person] - Job access checking status: started
2023-03-03 11:47:06 [DEBUG] [com.isvaso.aop.aspectclass.Person] - getJob()
2023-03-03 11:47:06 [DEBUG] [com.isvaso.aop.aspectclass.Person] - Job access checking status: job is set
2023-03-03 11:47:06 [DEBUG] [com.isvaso.aop.aspectclass.Person] - work()
2023-03-03 11:47:06 [DEBUG] [com.isvaso.aop.aspectclass.JobBuilder] - Destroyed
2023-03-03 11:47:06 [DEBUG] [com.isvaso.aop.aspectclass.JobDoctor] - Destroyed
2023-03-03 11:47:06 [DEBUG] [com.isvaso.aop.aspectclass.JobBuilder] - Destroyed
2023-03-03 11:48:24 [DEBUG] [com.isvaso.aop.aspectclass.JobBuilder] - Initialization
2023-03-03 11:48:24 [DEBUG] [com.isvaso.aop.aspectclass.JobDoctor] - Initialization
2023-03-03 11:48:24 [DEBUG] [com.isvaso.aop.aspectclass.JobBuilder] - Initialization
2023-03-03 11:48:24 [DEBUG] [com.isvaso.aop.aspectclass.Person] - Initialization
2023-03-03 11:48:24 [DEBUG] [com.isvaso.aop.aspectclass.Person] - setJob(com.isvaso.aop.aspectclass.JobDoctor@14151bc5)
2023-03-03 11:48:24 [DEBUG] [com.isvaso.aop.aspectclass.Person] - Education checking status: started
2023-03-03 11:48:24 [DEBUG] [com.isvaso.aop.aspectclass.Person] - getEducation()
2023-03-03 11:48:24 [DEBUG] [com.isvaso.aop.aspectclass.JobBuilder] - getJobName()
2023-03-03 11:48:24 [DEBUG] [com.isvaso.aop.aspectclass.Person] - Education is: Builder
2023-03-03 11:48:24 [DEBUG] [com.isvaso.aop.aspectclass.Person] - Education checking status: denied
2023-03-03 11:48:24 [DEBUG] [com.isvaso.aop.aspectclass.Person] - Job access checking status: started
2023-03-03 11:48:24 [DEBUG] [com.isvaso.aop.aspectclass.Person] - getJob()
2023-03-03 11:48:24 [DEBUG] [com.isvaso.aop.aspectclass.Person] - Job access checking status: job is set
2023-03-03 11:48:24 [DEBUG] [com.isvaso.aop.aspectclass.Person] - work()
2023-03-03 11:48:24 [DEBUG] [com.isvaso.aop.aspectclass.JobUnemployed] - work()
2023-03-03 11:48:24 [DEBUG] [com.isvaso.aop.aspectclass.JobUnemployed] - getJobName()
2023-03-03 11:48:24 [DEBUG] [com.isvaso.aop.aspectclass.JobBuilder] - Destroyed
2023-03-03 11:48:24 [DEBUG] [com.isvaso.aop.aspectclass.JobDoctor] - Destroyed
2023-03-03 11:48:24 [DEBUG] [com.isvaso.aop.aspectclass.JobBuilder] - Destroyed
2023-03-03 11:49:07 [DEBUG] [com.isvaso.aop.aspectclass.JobBuilder] - Initialization
2023-03-03 11:49:07 [DEBUG] [com.isvaso.aop.aspectclass.JobDoctor] - Initialization
2023-03-03 11:49:07 [DEBUG] [com.isvaso.aop.aspectclass.JobBuilder] - Initialization
2023-03-03 11:49:07 [DEBUG] [com.isvaso.aop.aspectclass.Person] - Initialization
2023-03-03 11:49:07 [DEBUG] [com.isvaso.aop.aspectclass.Person] - setJob(com.isvaso.aop.aspectclass.JobDoctor@14151bc5)
2023-03-03 11:49:07 [DEBUG] [com.isvaso.aop.aspectclass.Person] - --- Education checking status: started
2023-03-03 11:49:07 [DEBUG] [com.isvaso.aop.aspectclass.Person] - getEducation()
2023-03-03 11:49:07 [DEBUG] [com.isvaso.aop.aspectclass.JobBuilder] - getJobName()
2023-03-03 11:49:07 [DEBUG] [com.isvaso.aop.aspectclass.Person] - --- Education is: Builder
2023-03-03 11:49:07 [DEBUG] [com.isvaso.aop.aspectclass.Person] - --- Education checking status: denied
2023-03-03 11:49:07 [DEBUG] [com.isvaso.aop.aspectclass.Person] - Job access checking status: started
2023-03-03 11:49:07 [DEBUG] [com.isvaso.aop.aspectclass.Person] - getJob()
2023-03-03 11:49:07 [DEBUG] [com.isvaso.aop.aspectclass.Person] - Job access checking status: job is set
2023-03-03 11:49:07 [DEBUG] [com.isvaso.aop.aspectclass.Person] - work()
2023-03-03 11:49:07 [DEBUG] [com.isvaso.aop.aspectclass.JobUnemployed] - work()
2023-03-03 11:49:07 [DEBUG] [com.isvaso.aop.aspectclass.JobUnemployed] - getJobName()
2023-03-03 11:49:07 [DEBUG] [com.isvaso.aop.aspectclass.JobBuilder] - Destroyed
2023-03-03 11:49:07 [DEBUG] [com.isvaso.aop.aspectclass.JobDoctor] - Destroyed
2023-03-03 11:49:07 [DEBUG] [com.isvaso.aop.aspectclass.JobBuilder] - Destroyed
2023-03-03 11:49:33 [DEBUG] [com.isvaso.aop.aspectclass.JobBuilder] - Initialization
2023-03-03 11:49:33 [DEBUG] [com.isvaso.aop.aspectclass.JobDoctor] - Initialization
2023-03-03 11:49:33 [DEBUG] [com.isvaso.aop.aspectclass.JobBuilder] - Initialization
2023-03-03 11:49:33 [DEBUG] [com.isvaso.aop.aspectclass.Person] - Initialization
2023-03-03 11:49:33 [DEBUG] [com.isvaso.aop.aspectclass.Person] - setJob(com.isvaso.aop.aspectclass.JobDoctor@14151bc5)
2023-03-03 11:49:33 [DEBUG] [com.isvaso.aop.aspectclass.Person] - Education checking status: started
2023-03-03 11:49:33 [DEBUG] [com.isvaso.aop.aspectclass.Person] - getEducation()
2023-03-03 11:49:33 [DEBUG] [com.isvaso.aop.aspectclass.JobBuilder] - getJobName()
2023-03-03 11:49:33 [DEBUG] [com.isvaso.aop.aspectclass.Person] - Education is: Builder
2023-03-03 11:49:33 [DEBUG] [com.isvaso.aop.aspectclass.Person] - Education checking status: denied
2023-03-03 11:49:33 [DEBUG] [com.isvaso.aop.aspectclass.Person] - Job access checking status: started
2023-03-03 11:49:33 [DEBUG] [com.isvaso.aop.aspectclass.Person] - getJob()
2023-03-03 11:49:33 [DEBUG] [com.isvaso.aop.aspectclass.Person] - Job access checking status: job is set
2023-03-03 11:49:33 [DEBUG] [com.isvaso.aop.aspectclass.Person] - work()
2023-03-03 11:49:33 [DEBUG] [com.isvaso.aop.aspectclass.JobUnemployed] - work()
2023-03-03 11:49:33 [DEBUG] [com.isvaso.aop.aspectclass.JobUnemployed] - getJobName()
2023-03-03 11:49:33 [DEBUG] [com.isvaso.aop.aspectclass.JobBuilder] - Destroyed
2023-03-03 11:49:33 [DEBUG] [com.isvaso.aop.aspectclass.JobDoctor] - Destroyed
2023-03-03 11:49:33 [DEBUG] [com.isvaso.aop.aspectclass.JobBuilder] - Destroyed
